2014-10-30 15:54:50,175 - Log4JLogChute initialized using file 'velocity.log'
2014-10-30 15:54:50,176 - Initializing Velocity, Calling init()...
2014-10-30 15:54:50,176 - Starting Apache Velocity v1.7 (compiled: 2010-11-19 12:14:37)
2014-10-30 15:54:50,176 - Default Properties File: org\apache\velocity\runtime\defaults\velocity.properties
2014-10-30 15:54:50,176 - Trying to use logger class org.apache.velocity.runtime.log.AvalonLogChute
2014-10-30 15:54:50,176 - Target log system for org.apache.velocity.runtime.log.AvalonLogChute is not available (java.lang.NoClassDefFoundError: org/apache/log/format/Formatter).  Falling back to next log system...
2014-10-30 15:54:50,176 - Trying to use logger class org.apache.velocity.runtime.log.Log4JLogChute
2014-10-30 15:54:50,176 - Using logger class org.apache.velocity.runtime.log.Log4JLogChute
2014-10-30 15:54:50,179 - ResourceLoader instantiated: org.apache.velocity.runtime.resource.loader.ClasspathResourceLoader
2014-10-30 15:54:50,190 - ResourceCache: initialized (class org.apache.velocity.runtime.resource.ResourceCacheImpl) with class java.util.Collections$SynchronizedMap cache map.
2014-10-30 15:54:50,192 - Loaded System Directive: org.apache.velocity.runtime.directive.Stop
2014-10-30 15:54:50,193 - Loaded System Directive: org.apache.velocity.runtime.directive.Define
2014-10-30 15:54:50,193 - Loaded System Directive: org.apache.velocity.runtime.directive.Break
2014-10-30 15:54:50,194 - Loaded System Directive: org.apache.velocity.runtime.directive.Evaluate
2014-10-30 15:54:50,195 - Loaded System Directive: org.apache.velocity.runtime.directive.Literal
2014-10-30 15:54:50,195 - Loaded System Directive: org.apache.velocity.runtime.directive.Macro
2014-10-30 15:54:50,197 - Loaded System Directive: org.apache.velocity.runtime.directive.Parse
2014-10-30 15:54:50,198 - Loaded System Directive: org.apache.velocity.runtime.directive.Include
2014-10-30 15:54:50,198 - Loaded System Directive: org.apache.velocity.runtime.directive.Foreach
2014-10-30 15:54:50,223 - Created '20' parsers.
2014-10-30 15:54:50,228 - Velocimacro : "velocimacro.library" is not set.  Trying default library: VM_global_library.vm
2014-10-30 15:54:50,229 - Could not load resource 'VM_global_library.vm' from ResourceLoader org.apache.velocity.runtime.resource.loader.ClasspathResourceLoader: ClasspathResourceLoader Error: cannot find resource VM_global_library.vm
2014-10-30 15:54:50,229 - Velocimacro : Default library not found.
2014-10-30 15:54:50,229 - Velocimacro : allowInline = true : VMs can be defined inline in templates
2014-10-30 15:54:50,229 - Velocimacro : allowInlineToOverride = false : VMs defined inline may NOT replace previous VM definitions
2014-10-30 15:54:50,229 - Velocimacro : allowInlineLocal = false : VMs defined inline will be global in scope if allowed.
2014-10-30 15:54:50,229 - Velocimacro : autoload off : VM system will not automatically reload global library macros
2014-10-30 15:54:50,239 - ResourceManager : found example.vm with loader org.apache.velocity.runtime.resource.loader.ClasspathResourceLoader
2014-10-30 15:55:30,502 - Log4JLogChute initialized using file 'velocity.log'
2014-10-30 15:55:30,503 - Initializing Velocity, Calling init()...
2014-10-30 15:55:30,503 - Starting Apache Velocity v1.7 (compiled: 2010-11-19 12:14:37)
2014-10-30 15:55:30,503 - Default Properties File: org\apache\velocity\runtime\defaults\velocity.properties
2014-10-30 15:55:30,503 - Trying to use logger class org.apache.velocity.runtime.log.AvalonLogChute
2014-10-30 15:55:30,503 - Target log system for org.apache.velocity.runtime.log.AvalonLogChute is not available (java.lang.NoClassDefFoundError: org/apache/log/format/Formatter).  Falling back to next log system...
2014-10-30 15:55:30,503 - Trying to use logger class org.apache.velocity.runtime.log.Log4JLogChute
2014-10-30 15:55:30,503 - Using logger class org.apache.velocity.runtime.log.Log4JLogChute
2014-10-30 15:55:30,506 - ResourceLoader instantiated: org.apache.velocity.runtime.resource.loader.ClasspathResourceLoader
2014-10-30 15:55:30,516 - ResourceCache: initialized (class org.apache.velocity.runtime.resource.ResourceCacheImpl) with class java.util.Collections$SynchronizedMap cache map.
2014-10-30 15:55:30,517 - Loaded System Directive: org.apache.velocity.runtime.directive.Stop
2014-10-30 15:55:30,518 - Loaded System Directive: org.apache.velocity.runtime.directive.Define
2014-10-30 15:55:30,519 - Loaded System Directive: org.apache.velocity.runtime.directive.Break
2014-10-30 15:55:30,519 - Loaded System Directive: org.apache.velocity.runtime.directive.Evaluate
2014-10-30 15:55:30,520 - Loaded System Directive: org.apache.velocity.runtime.directive.Literal
2014-10-30 15:55:30,521 - Loaded System Directive: org.apache.velocity.runtime.directive.Macro
2014-10-30 15:55:30,522 - Loaded System Directive: org.apache.velocity.runtime.directive.Parse
2014-10-30 15:55:30,523 - Loaded System Directive: org.apache.velocity.runtime.directive.Include
2014-10-30 15:55:30,523 - Loaded System Directive: org.apache.velocity.runtime.directive.Foreach
2014-10-30 15:55:30,551 - Created '20' parsers.
2014-10-30 15:55:30,557 - Velocimacro : "velocimacro.library" is not set.  Trying default library: VM_global_library.vm
2014-10-30 15:55:30,557 - Could not load resource 'VM_global_library.vm' from ResourceLoader org.apache.velocity.runtime.resource.loader.ClasspathResourceLoader: ClasspathResourceLoader Error: cannot find resource VM_global_library.vm
2014-10-30 15:55:30,557 - Velocimacro : Default library not found.
2014-10-30 15:55:30,557 - Velocimacro : allowInline = true : VMs can be defined inline in templates
2014-10-30 15:55:30,557 - Velocimacro : allowInlineToOverride = false : VMs defined inline may NOT replace previous VM definitions
2014-10-30 15:55:30,557 - Velocimacro : allowInlineLocal = false : VMs defined inline will be global in scope if allowed.
2014-10-30 15:55:30,558 - Velocimacro : autoload off : VM system will not automatically reload global library macros
2014-10-30 15:55:30,567 - ResourceManager : found example.vm with loader org.apache.velocity.runtime.resource.loader.ClasspathResourceLoader
2014-11-04 10:07:57,555 - Log4JLogChute initialized using file 'velocity.log'
2014-11-04 10:07:57,571 - Initializing Velocity, Calling init()...
2014-11-04 10:07:57,571 - Starting Apache Velocity v1.7 (compiled: 2010-11-19 12:14:37)
2014-11-04 10:07:57,571 - Default Properties File: org\apache\velocity\runtime\defaults\velocity.properties
2014-11-04 10:07:57,571 - Trying to use logger class org.apache.velocity.runtime.log.AvalonLogChute
2014-11-04 10:07:57,571 - Target log system for org.apache.velocity.runtime.log.AvalonLogChute is not available (java.lang.NoClassDefFoundError: org/apache/log/format/Formatter).  Falling back to next log system...
2014-11-04 10:07:57,571 - Trying to use logger class org.apache.velocity.runtime.log.Log4JLogChute
2014-11-04 10:07:57,571 - Using logger class org.apache.velocity.runtime.log.Log4JLogChute
2014-11-04 10:07:57,587 - ResourceLoader instantiated: org.apache.velocity.runtime.resource.loader.ClasspathResourceLoader
2014-11-04 10:07:57,618 - ResourceCache: initialized (class org.apache.velocity.runtime.resource.ResourceCacheImpl) with class java.util.Collections$SynchronizedMap cache map.
2014-11-04 10:07:57,618 - Loaded System Directive: org.apache.velocity.runtime.directive.Stop
2014-11-04 10:07:57,649 - Loaded System Directive: org.apache.velocity.runtime.directive.Define
2014-11-04 10:07:57,649 - Loaded System Directive: org.apache.velocity.runtime.directive.Break
2014-11-04 10:07:57,649 - Loaded System Directive: org.apache.velocity.runtime.directive.Evaluate
2014-11-04 10:07:57,649 - Loaded System Directive: org.apache.velocity.runtime.directive.Literal
2014-11-04 10:07:57,649 - Loaded System Directive: org.apache.velocity.runtime.directive.Macro
2014-11-04 10:07:57,665 - Loaded System Directive: org.apache.velocity.runtime.directive.Parse
2014-11-04 10:07:57,665 - Loaded System Directive: org.apache.velocity.runtime.directive.Include
2014-11-04 10:07:57,665 - Loaded System Directive: org.apache.velocity.runtime.directive.Foreach
2014-11-04 10:07:57,743 - Created '20' parsers.
2014-11-04 10:07:57,743 - Velocimacro : "velocimacro.library" is not set.  Trying default library: VM_global_library.vm
2014-11-04 10:07:57,743 - Could not load resource 'VM_global_library.vm' from ResourceLoader org.apache.velocity.runtime.resource.loader.ClasspathResourceLoader: ClasspathResourceLoader Error: cannot find resource VM_global_library.vm
2014-11-04 10:07:57,743 - Velocimacro : Default library not found.
2014-11-04 10:07:57,743 - Velocimacro : allowInline = true : VMs can be defined inline in templates
2014-11-04 10:07:57,743 - Velocimacro : allowInlineToOverride = false : VMs defined inline may NOT replace previous VM definitions
2014-11-04 10:07:57,743 - Velocimacro : allowInlineLocal = false : VMs defined inline will be global in scope if allowed.
2014-11-04 10:07:57,743 - Velocimacro : autoload off : VM system will not automatically reload global library macros
2014-11-04 10:07:57,758 - ResourceManager : found example.vm with loader org.apache.velocity.runtime.resource.loader.ClasspathResourceLoader
2014-11-04 10:07:57,774 - ResourceManager : unable to find resource '.include.vm' in any resource loader.
2014-11-04 10:07:57,774 - #parse(): cannot find template '.include.vm', called at example.vm[line 4, column 1]
2014-11-04 10:08:16,433 - Log4JLogChute initialized using file 'velocity.log'
2014-11-04 10:08:16,433 - Initializing Velocity, Calling init()...
2014-11-04 10:08:16,433 - Starting Apache Velocity v1.7 (compiled: 2010-11-19 12:14:37)
2014-11-04 10:08:16,448 - Default Properties File: org\apache\velocity\runtime\defaults\velocity.properties
2014-11-04 10:08:16,448 - Trying to use logger class org.apache.velocity.runtime.log.AvalonLogChute
2014-11-04 10:08:16,448 - Target log system for org.apache.velocity.runtime.log.AvalonLogChute is not available (java.lang.NoClassDefFoundError: org/apache/log/format/Formatter).  Falling back to next log system...
2014-11-04 10:08:16,448 - Trying to use logger class org.apache.velocity.runtime.log.Log4JLogChute
2014-11-04 10:08:16,448 - Using logger class org.apache.velocity.runtime.log.Log4JLogChute
2014-11-04 10:08:16,448 - ResourceLoader instantiated: org.apache.velocity.runtime.resource.loader.ClasspathResourceLoader
2014-11-04 10:08:16,464 - ResourceCache: initialized (class org.apache.velocity.runtime.resource.ResourceCacheImpl) with class java.util.Collections$SynchronizedMap cache map.
2014-11-04 10:08:16,464 - Loaded System Directive: org.apache.velocity.runtime.directive.Stop
2014-11-04 10:08:16,464 - Loaded System Directive: org.apache.velocity.runtime.directive.Define
2014-11-04 10:08:16,464 - Loaded System Directive: org.apache.velocity.runtime.directive.Break
2014-11-04 10:08:16,464 - Loaded System Directive: org.apache.velocity.runtime.directive.Evaluate
2014-11-04 10:08:16,464 - Loaded System Directive: org.apache.velocity.runtime.directive.Literal
2014-11-04 10:08:16,464 - Loaded System Directive: org.apache.velocity.runtime.directive.Macro
2014-11-04 10:08:16,464 - Loaded System Directive: org.apache.velocity.runtime.directive.Parse
2014-11-04 10:08:16,464 - Loaded System Directive: org.apache.velocity.runtime.directive.Include
2014-11-04 10:08:16,464 - Loaded System Directive: org.apache.velocity.runtime.directive.Foreach
2014-11-04 10:08:16,495 - Created '20' parsers.
2014-11-04 10:08:16,495 - Velocimacro : "velocimacro.library" is not set.  Trying default library: VM_global_library.vm
2014-11-04 10:08:16,495 - Could not load resource 'VM_global_library.vm' from ResourceLoader org.apache.velocity.runtime.resource.loader.ClasspathResourceLoader: ClasspathResourceLoader Error: cannot find resource VM_global_library.vm
2014-11-04 10:08:16,495 - Velocimacro : Default library not found.
2014-11-04 10:08:16,495 - Velocimacro : allowInline = true : VMs can be defined inline in templates
2014-11-04 10:08:16,495 - Velocimacro : allowInlineToOverride = false : VMs defined inline may NOT replace previous VM definitions
2014-11-04 10:08:16,495 - Velocimacro : allowInlineLocal = false : VMs defined inline will be global in scope if allowed.
2014-11-04 10:08:16,495 - Velocimacro : autoload off : VM system will not automatically reload global library macros
2014-11-04 10:08:16,511 - ResourceManager : found example.vm with loader org.apache.velocity.runtime.resource.loader.ClasspathResourceLoader
2014-11-04 10:08:16,511 - ResourceManager : unable to find resource '.paper.vm' in any resource loader.
2014-11-04 10:08:16,511 - #parse(): cannot find template '.paper.vm', called at example.vm[line 4, column 1]
2014-11-04 10:08:30,675 - Log4JLogChute initialized using file 'velocity.log'
2014-11-04 10:08:30,675 - Initializing Velocity, Calling init()...
2014-11-04 10:08:30,675 - Starting Apache Velocity v1.7 (compiled: 2010-11-19 12:14:37)
2014-11-04 10:08:30,675 - Default Properties File: org\apache\velocity\runtime\defaults\velocity.properties
2014-11-04 10:08:30,675 - Trying to use logger class org.apache.velocity.runtime.log.AvalonLogChute
2014-11-04 10:08:30,675 - Target log system for org.apache.velocity.runtime.log.AvalonLogChute is not available (java.lang.NoClassDefFoundError: org/apache/log/format/Formatter).  Falling back to next log system...
2014-11-04 10:08:30,675 - Trying to use logger class org.apache.velocity.runtime.log.Log4JLogChute
2014-11-04 10:08:30,675 - Using logger class org.apache.velocity.runtime.log.Log4JLogChute
2014-11-04 10:08:30,675 - ResourceLoader instantiated: org.apache.velocity.runtime.resource.loader.ClasspathResourceLoader
2014-11-04 10:08:30,691 - ResourceCache: initialized (class org.apache.velocity.runtime.resource.ResourceCacheImpl) with class java.util.Collections$SynchronizedMap cache map.
2014-11-04 10:08:30,691 - Loaded System Directive: org.apache.velocity.runtime.directive.Stop
2014-11-04 10:08:30,691 - Loaded System Directive: org.apache.velocity.runtime.directive.Define
2014-11-04 10:08:30,691 - Loaded System Directive: org.apache.velocity.runtime.directive.Break
2014-11-04 10:08:30,691 - Loaded System Directive: org.apache.velocity.runtime.directive.Evaluate
2014-11-04 10:08:30,691 - Loaded System Directive: org.apache.velocity.runtime.directive.Literal
2014-11-04 10:08:30,707 - Loaded System Directive: org.apache.velocity.runtime.directive.Macro
2014-11-04 10:08:30,707 - Loaded System Directive: org.apache.velocity.runtime.directive.Parse
2014-11-04 10:08:30,707 - Loaded System Directive: org.apache.velocity.runtime.directive.Include
2014-11-04 10:08:30,707 - Loaded System Directive: org.apache.velocity.runtime.directive.Foreach
2014-11-04 10:08:30,722 - Created '20' parsers.
2014-11-04 10:08:30,738 - Velocimacro : "velocimacro.library" is not set.  Trying default library: VM_global_library.vm
2014-11-04 10:08:30,738 - Could not load resource 'VM_global_library.vm' from ResourceLoader org.apache.velocity.runtime.resource.loader.ClasspathResourceLoader: ClasspathResourceLoader Error: cannot find resource VM_global_library.vm
2014-11-04 10:08:30,738 - Velocimacro : Default library not found.
2014-11-04 10:08:30,738 - Velocimacro : allowInline = true : VMs can be defined inline in templates
2014-11-04 10:08:30,738 - Velocimacro : allowInlineToOverride = false : VMs defined inline may NOT replace previous VM definitions
2014-11-04 10:08:30,738 - Velocimacro : allowInlineLocal = false : VMs defined inline will be global in scope if allowed.
2014-11-04 10:08:30,738 - Velocimacro : autoload off : VM system will not automatically reload global library macros
2014-11-04 10:08:30,753 - ResourceManager : found example.vm with loader org.apache.velocity.runtime.resource.loader.ClasspathResourceLoader
2014-11-04 10:08:30,753 - ResourceManager : found paper.vm with loader org.apache.velocity.runtime.resource.loader.ClasspathResourceLoader
2014-11-04 10:08:47,555 - Log4JLogChute initialized using file 'velocity.log'
2014-11-04 10:08:47,555 - Initializing Velocity, Calling init()...
2014-11-04 10:08:47,555 - Starting Apache Velocity v1.7 (compiled: 2010-11-19 12:14:37)
2014-11-04 10:08:47,555 - Default Properties File: org\apache\velocity\runtime\defaults\velocity.properties
2014-11-04 10:08:47,555 - Trying to use logger class org.apache.velocity.runtime.log.AvalonLogChute
2014-11-04 10:08:47,555 - Target log system for org.apache.velocity.runtime.log.AvalonLogChute is not available (java.lang.NoClassDefFoundError: org/apache/log/format/Formatter).  Falling back to next log system...
2014-11-04 10:08:47,555 - Trying to use logger class org.apache.velocity.runtime.log.Log4JLogChute
2014-11-04 10:08:47,555 - Using logger class org.apache.velocity.runtime.log.Log4JLogChute
2014-11-04 10:08:47,555 - ResourceLoader instantiated: org.apache.velocity.runtime.resource.loader.ClasspathResourceLoader
2014-11-04 10:08:47,570 - ResourceCache: initialized (class org.apache.velocity.runtime.resource.ResourceCacheImpl) with class java.util.Collections$SynchronizedMap cache map.
2014-11-04 10:08:47,570 - Loaded System Directive: org.apache.velocity.runtime.directive.Stop
2014-11-04 10:08:47,570 - Loaded System Directive: org.apache.velocity.runtime.directive.Define
2014-11-04 10:08:47,570 - Loaded System Directive: org.apache.velocity.runtime.directive.Break
2014-11-04 10:08:47,570 - Loaded System Directive: org.apache.velocity.runtime.directive.Evaluate
2014-11-04 10:08:47,570 - Loaded System Directive: org.apache.velocity.runtime.directive.Literal
2014-11-04 10:08:47,586 - Loaded System Directive: org.apache.velocity.runtime.directive.Macro
2014-11-04 10:08:47,586 - Loaded System Directive: org.apache.velocity.runtime.directive.Parse
2014-11-04 10:08:47,586 - Loaded System Directive: org.apache.velocity.runtime.directive.Include
2014-11-04 10:08:47,586 - Loaded System Directive: org.apache.velocity.runtime.directive.Foreach
2014-11-04 10:08:47,601 - Created '20' parsers.
2014-11-04 10:08:47,617 - Velocimacro : "velocimacro.library" is not set.  Trying default library: VM_global_library.vm
2014-11-04 10:08:47,617 - Could not load resource 'VM_global_library.vm' from ResourceLoader org.apache.velocity.runtime.resource.loader.ClasspathResourceLoader: ClasspathResourceLoader Error: cannot find resource VM_global_library.vm
2014-11-04 10:08:47,617 - Velocimacro : Default library not found.
2014-11-04 10:08:47,617 - Velocimacro : allowInline = true : VMs can be defined inline in templates
2014-11-04 10:08:47,617 - Velocimacro : allowInlineToOverride = false : VMs defined inline may NOT replace previous VM definitions
2014-11-04 10:08:47,617 - Velocimacro : allowInlineLocal = false : VMs defined inline will be global in scope if allowed.
2014-11-04 10:08:47,617 - Velocimacro : autoload off : VM system will not automatically reload global library macros
2014-11-04 10:08:47,617 - ResourceManager : found example.vm with loader org.apache.velocity.runtime.resource.loader.ClasspathResourceLoader
2014-11-04 10:08:47,633 - ResourceManager : found paper.vm with loader org.apache.velocity.runtime.resource.loader.ClasspathResourceLoader
2014-11-04 16:26:06,885 - Log4JLogChute initialized using file 'velocity.log'
2014-11-04 16:26:06,920 - Initializing Velocity, Calling init()...
2014-11-04 16:26:06,920 - Starting Apache Velocity v1.7 (compiled: 2010-11-19 12:14:37)
2014-11-04 16:26:06,920 - Default Properties File: org\apache\velocity\runtime\defaults\velocity.properties
2014-11-04 16:26:06,920 - Trying to use logger class org.apache.velocity.runtime.log.AvalonLogChute
2014-11-04 16:26:06,920 - Target log system for org.apache.velocity.runtime.log.AvalonLogChute is not available (java.lang.NoClassDefFoundError: org/apache/log/format/Formatter).  Falling back to next log system...
2014-11-04 16:26:06,921 - Trying to use logger class org.apache.velocity.runtime.log.Log4JLogChute
2014-11-04 16:26:06,921 - Using logger class org.apache.velocity.runtime.log.Log4JLogChute
2014-11-04 16:26:06,933 - ResourceLoader instantiated: org.apache.velocity.runtime.resource.loader.ClasspathResourceLoader
2014-11-04 16:26:06,960 - ResourceCache: initialized (class org.apache.velocity.runtime.resource.ResourceCacheImpl) with class java.util.Collections$SynchronizedMap cache map.
2014-11-04 16:26:06,963 - Loaded System Directive: org.apache.velocity.runtime.directive.Stop
2014-11-04 16:26:06,965 - Loaded System Directive: org.apache.velocity.runtime.directive.Define
2014-11-04 16:26:06,966 - Loaded System Directive: org.apache.velocity.runtime.directive.Break
2014-11-04 16:26:06,967 - Loaded System Directive: org.apache.velocity.runtime.directive.Evaluate
2014-11-04 16:26:06,968 - Loaded System Directive: org.apache.velocity.runtime.directive.Literal
2014-11-04 16:26:06,969 - Loaded System Directive: org.apache.velocity.runtime.directive.Macro
2014-11-04 16:26:06,971 - Loaded System Directive: org.apache.velocity.runtime.directive.Parse
2014-11-04 16:26:06,972 - Loaded System Directive: org.apache.velocity.runtime.directive.Include
2014-11-04 16:26:06,973 - Loaded System Directive: org.apache.velocity.runtime.directive.Foreach
2014-11-04 16:26:07,000 - Created '20' parsers.
2014-11-04 16:26:07,005 - Velocimacro : "velocimacro.library" is not set.  Trying default library: VM_global_library.vm
2014-11-04 16:26:07,005 - Could not load resource 'VM_global_library.vm' from ResourceLoader org.apache.velocity.runtime.resource.loader.ClasspathResourceLoader: ClasspathResourceLoader Error: cannot find resource VM_global_library.vm
2014-11-04 16:26:07,005 - Velocimacro : Default library not found.
2014-11-04 16:26:07,005 - Velocimacro : allowInline = true : VMs can be defined inline in templates
2014-11-04 16:26:07,006 - Velocimacro : allowInlineToOverride = false : VMs defined inline may NOT replace previous VM definitions
2014-11-04 16:26:07,006 - Velocimacro : allowInlineLocal = false : VMs defined inline will be global in scope if allowed.
2014-11-04 16:26:07,006 - Velocimacro : autoload off : VM system will not automatically reload global library macros
2014-11-04 16:26:07,017 - ResourceManager : found example.vm with loader org.apache.velocity.runtime.resource.loader.ClasspathResourceLoader
2014-11-04 16:26:07,022 - ResourceManager : found paper.vm with loader org.apache.velocity.runtime.resource.loader.ClasspathResourceLoader
2014-11-10 12:40:50,051 - Log4JLogChute initialized using file 'velocity.log'
2014-11-10 12:40:50,052 - Initializing Velocity, Calling init()...
2014-11-10 12:40:50,052 - Starting Apache Velocity v1.7 (compiled: 2010-11-19 12:14:37)
2014-11-10 12:40:50,052 - Default Properties File: org\apache\velocity\runtime\defaults\velocity.properties
2014-11-10 12:40:50,052 - Trying to use logger class org.apache.velocity.runtime.log.AvalonLogChute
2014-11-10 12:40:50,052 - Target log system for org.apache.velocity.runtime.log.AvalonLogChute is not available (java.lang.NoClassDefFoundError: org/apache/log/format/Formatter).  Falling back to next log system...
2014-11-10 12:40:50,052 - Trying to use logger class org.apache.velocity.runtime.log.Log4JLogChute
2014-11-10 12:40:50,052 - Using logger class org.apache.velocity.runtime.log.Log4JLogChute
2014-11-10 12:40:50,052 - ResourceLoader instantiated: org.apache.velocity.runtime.resource.loader.ClasspathResourceLoader
2014-11-10 12:40:50,084 - ResourceCache: initialized (class org.apache.velocity.runtime.resource.ResourceCacheImpl) with class java.util.Collections$SynchronizedMap cache map.
2014-11-10 12:40:50,084 - Loaded System Directive: org.apache.velocity.runtime.directive.Stop
2014-11-10 12:40:50,084 - Loaded System Directive: org.apache.velocity.runtime.directive.Define
2014-11-10 12:40:50,084 - Loaded System Directive: org.apache.velocity.runtime.directive.Break
2014-11-10 12:40:50,084 - Loaded System Directive: org.apache.velocity.runtime.directive.Evaluate
2014-11-10 12:40:50,084 - Loaded System Directive: org.apache.velocity.runtime.directive.Literal
2014-11-10 12:40:50,099 - Loaded System Directive: org.apache.velocity.runtime.directive.Macro
2014-11-10 12:40:50,099 - Loaded System Directive: org.apache.velocity.runtime.directive.Parse
2014-11-10 12:40:50,099 - Loaded System Directive: org.apache.velocity.runtime.directive.Include
2014-11-10 12:40:50,099 - Loaded System Directive: org.apache.velocity.runtime.directive.Foreach
2014-11-10 12:40:50,115 - Created '20' parsers.
2014-11-10 12:40:50,130 - Velocimacro : "velocimacro.library" is not set.  Trying default library: VM_global_library.vm
2014-11-10 12:40:50,130 - Could not load resource 'VM_global_library.vm' from ResourceLoader org.apache.velocity.runtime.resource.loader.ClasspathResourceLoader: ClasspathResourceLoader Error: cannot find resource VM_global_library.vm
2014-11-10 12:40:50,130 - Velocimacro : Default library not found.
2014-11-10 12:40:50,130 - Velocimacro : allowInline = true : VMs can be defined inline in templates
2014-11-10 12:40:50,130 - Velocimacro : allowInlineToOverride = false : VMs defined inline may NOT replace previous VM definitions
2014-11-10 12:40:50,130 - Velocimacro : allowInlineLocal = false : VMs defined inline will be global in scope if allowed.
2014-11-10 12:40:50,130 - Velocimacro : autoload off : VM system will not automatically reload global library macros
2014-11-10 12:40:50,130 - ResourceManager : found menu.vm with loader org.apache.velocity.runtime.resource.loader.ClasspathResourceLoader
2014-11-10 12:44:14,631 - Log4JLogChute initialized using file 'velocity.log'
2014-11-10 12:44:14,631 - Initializing Velocity, Calling init()...
2014-11-10 12:44:14,631 - Starting Apache Velocity v1.7 (compiled: 2010-11-19 12:14:37)
2014-11-10 12:44:14,631 - Default Properties File: org\apache\velocity\runtime\defaults\velocity.properties
2014-11-10 12:44:14,631 - Trying to use logger class org.apache.velocity.runtime.log.AvalonLogChute
2014-11-10 12:44:14,631 - Target log system for org.apache.velocity.runtime.log.AvalonLogChute is not available (java.lang.NoClassDefFoundError: org/apache/log/format/Formatter).  Falling back to next log system...
2014-11-10 12:44:14,631 - Trying to use logger class org.apache.velocity.runtime.log.Log4JLogChute
2014-11-10 12:44:14,631 - Using logger class org.apache.velocity.runtime.log.Log4JLogChute
2014-11-10 12:44:14,631 - ResourceLoader instantiated: org.apache.velocity.runtime.resource.loader.ClasspathResourceLoader
2014-11-10 12:44:14,647 - ResourceCache: initialized (class org.apache.velocity.runtime.resource.ResourceCacheImpl) with class java.util.Collections$SynchronizedMap cache map.
2014-11-10 12:44:14,647 - Loaded System Directive: org.apache.velocity.runtime.directive.Stop
2014-11-10 12:44:14,647 - Loaded System Directive: org.apache.velocity.runtime.directive.Define
2014-11-10 12:44:14,662 - Loaded System Directive: org.apache.velocity.runtime.directive.Break
2014-11-10 12:44:14,662 - Loaded System Directive: org.apache.velocity.runtime.directive.Evaluate
2014-11-10 12:44:14,662 - Loaded System Directive: org.apache.velocity.runtime.directive.Literal
2014-11-10 12:44:14,662 - Loaded System Directive: org.apache.velocity.runtime.directive.Macro
2014-11-10 12:44:14,662 - Loaded System Directive: org.apache.velocity.runtime.directive.Parse
2014-11-10 12:44:14,662 - Loaded System Directive: org.apache.velocity.runtime.directive.Include
2014-11-10 12:44:14,662 - Loaded System Directive: org.apache.velocity.runtime.directive.Foreach
2014-11-10 12:44:14,694 - Created '20' parsers.
2014-11-10 12:44:14,694 - Velocimacro : "velocimacro.library" is not set.  Trying default library: VM_global_library.vm
2014-11-10 12:44:14,694 - Could not load resource 'VM_global_library.vm' from ResourceLoader org.apache.velocity.runtime.resource.loader.ClasspathResourceLoader: ClasspathResourceLoader Error: cannot find resource VM_global_library.vm
2014-11-10 12:44:14,694 - Velocimacro : Default library not found.
2014-11-10 12:44:14,694 - Velocimacro : allowInline = true : VMs can be defined inline in templates
2014-11-10 12:44:14,694 - Velocimacro : allowInlineToOverride = false : VMs defined inline may NOT replace previous VM definitions
2014-11-10 12:44:14,694 - Velocimacro : allowInlineLocal = false : VMs defined inline will be global in scope if allowed.
2014-11-10 12:44:14,694 - Velocimacro : autoload off : VM system will not automatically reload global library macros
2014-11-10 12:44:14,709 - ResourceManager : found menu.vm with loader org.apache.velocity.runtime.resource.loader.ClasspathResourceLoader
2014-11-10 12:44:26,128 - Log4JLogChute initialized using file 'velocity.log'
2014-11-10 12:44:26,128 - Initializing Velocity, Calling init()...
2014-11-10 12:44:26,128 - Starting Apache Velocity v1.7 (compiled: 2010-11-19 12:14:37)
2014-11-10 12:44:26,128 - Default Properties File: org\apache\velocity\runtime\defaults\velocity.properties
2014-11-10 12:44:26,128 - Trying to use logger class org.apache.velocity.runtime.log.AvalonLogChute
2014-11-10 12:44:26,128 - Target log system for org.apache.velocity.runtime.log.AvalonLogChute is not available (java.lang.NoClassDefFoundError: org/apache/log/format/Formatter).  Falling back to next log system...
2014-11-10 12:44:26,128 - Trying to use logger class org.apache.velocity.runtime.log.Log4JLogChute
2014-11-10 12:44:26,128 - Using logger class org.apache.velocity.runtime.log.Log4JLogChute
2014-11-10 12:44:26,144 - ResourceLoader instantiated: org.apache.velocity.runtime.resource.loader.ClasspathResourceLoader
2014-11-10 12:44:26,144 - ResourceCache: initialized (class org.apache.velocity.runtime.resource.ResourceCacheImpl) with class java.util.Collections$SynchronizedMap cache map.
2014-11-10 12:44:26,144 - Loaded System Directive: org.apache.velocity.runtime.directive.Stop
2014-11-10 12:44:26,160 - Loaded System Directive: org.apache.velocity.runtime.directive.Define
2014-11-10 12:44:26,160 - Loaded System Directive: org.apache.velocity.runtime.directive.Break
2014-11-10 12:44:26,160 - Loaded System Directive: org.apache.velocity.runtime.directive.Evaluate
2014-11-10 12:44:26,160 - Loaded System Directive: org.apache.velocity.runtime.directive.Literal
2014-11-10 12:44:26,160 - Loaded System Directive: org.apache.velocity.runtime.directive.Macro
2014-11-10 12:44:26,160 - Loaded System Directive: org.apache.velocity.runtime.directive.Parse
2014-11-10 12:44:26,160 - Loaded System Directive: org.apache.velocity.runtime.directive.Include
2014-11-10 12:44:26,160 - Loaded System Directive: org.apache.velocity.runtime.directive.Foreach
2014-11-10 12:44:26,191 - Created '20' parsers.
2014-11-10 12:44:26,191 - Velocimacro : "velocimacro.library" is not set.  Trying default library: VM_global_library.vm
2014-11-10 12:44:26,191 - Could not load resource 'VM_global_library.vm' from ResourceLoader org.apache.velocity.runtime.resource.loader.ClasspathResourceLoader: ClasspathResourceLoader Error: cannot find resource VM_global_library.vm
2014-11-10 12:44:26,191 - Velocimacro : Default library not found.
2014-11-10 12:44:26,191 - Velocimacro : allowInline = true : VMs can be defined inline in templates
2014-11-10 12:44:26,191 - Velocimacro : allowInlineToOverride = false : VMs defined inline may NOT replace previous VM definitions
2014-11-10 12:44:26,191 - Velocimacro : allowInlineLocal = false : VMs defined inline will be global in scope if allowed.
2014-11-10 12:44:26,191 - Velocimacro : autoload off : VM system will not automatically reload global library macros
2014-11-10 12:44:26,206 - ResourceManager : found menu.vm with loader org.apache.velocity.runtime.resource.loader.ClasspathResourceLoader
